2025-07-23 18:15:15,879 - INFO - Fetching profiles from Airtable view viwJjqdgpEfRfiE2E...
2025-07-23 18:15:17,296 - INFO - Total records fetched: 54
2025-07-23 18:15:17,296 - INFO - Skipping AdsPower name query for 54 profiles (too many)
2025-07-23 18:15:17,296 - INFO - Fetching 55 Assigned IG records...
2025-07-23 18:15:17,574 - INFO - Followers file already exists for rec3F8vpI8Capckwo: 1977020321 Usernames.txt
2025-07-23 18:15:17,793 - INFO - Followers file already exists for rec3HCt3jD5Q2nKSP: 4260622829 Usernames.txt
2025-07-23 18:15:17,926 - INFO - Followers file already exists for rec3FqhPsSrSPTUxK: 1493551165 Usernames.txt
2025-07-23 18:15:17,957 - INFO - Followers file already exists for rec3Ekrm41DYapRTp: 3459639975 Usernames.txt
2025-07-23 18:15:17,999 - INFO - Followers file already exists for rec3GvleOViTsekFD: 38553166374 Usernames.txt
2025-07-23 18:15:18,023 - INFO - Followers file already exists for rec3G8AHjfH4HTzHb: 12988435278 Usernames.txt
2025-07-23 18:15:18,062 - INFO - Followers file already exists for rec3G63MHkRWTC0ei: 12721755781 Usernames.txt
2025-07-23 18:15:18,088 - INFO - Followers file already exists for rec3G973a2JjKp4iu: 440138414 Usernames.txt
2025-07-23 18:15:18,119 - INFO - Followers file already exists for rec3FrQwonv35vga0: 2002148607 Usernames.txt
2025-07-23 18:15:18,147 - INFO - Followers file already exists for rec3GxifsJJR9PWhv: 359664095 Usernames.txt
2025-07-23 18:15:18,183 - INFO - Followers file already exists for rec3GudPt8GEJqtbV: 1554735509 Usernames.txt
2025-07-23 18:15:18,209 - INFO - Followers file already exists for rec3HLKbcwBN8ups2: 39139773 Usernames.txt
2025-07-23 18:15:18,233 - INFO - Followers file already exists for rec3I5M0YqpUAuxq2: 14256728767 Usernames.txt
2025-07-23 18:15:18,301 - INFO - Followers file already exists for rec3IAE2DoOqr1JkQ: 5943728951 Usernames.txt
2025-07-23 18:15:18,303 - INFO - Followers file already exists for rec3IIIZLgX2Ga8Fd: 440834147 Usernames.txt
2025-07-23 18:15:18,325 - INFO - Followers file already exists for rec3ImRDpkhJp24yr: 3058855559 Usernames.txt
2025-07-23 18:15:18,351 - INFO - Followers file already exists for rec3IswL7tBYmR62W: 13072949390 Usernames.txt
2025-07-23 18:15:18,384 - INFO - Followers file already exists for rec3IokHcYSKOwclb: 4875673544 Usernames.txt
2025-07-23 18:15:18,423 - INFO - Followers file already exists for rec3ItuVrE08bhn8Z: 8047559643 Usernames.txt
2025-07-23 18:15:18,453 - INFO - Followers file already exists for rec3IuHnpTYy2cU9O: 1146073112 Usernames.txt
2025-07-23 18:15:18,473 - INFO - Followers file already exists for rec3IwYbAUpWzhn6M: 3153946348 Usernames.txt
2025-07-23 18:15:18,502 - INFO - Followers file already exists for rec3LJVWX5iIr47ox: 36635895881 Usernames.txt
2025-07-23 18:15:18,531 - INFO - Followers file already exists for rec3MC3VaRyl3htyb: 35370936629 Usernames.txt
2025-07-23 18:15:18,560 - INFO - Followers file already exists for rec3MvJNjELq0jd6p: 2122565980 Usernames.txt
2025-07-23 18:15:18,591 - INFO - Followers file already exists for rec3Mpl8p59bkXpWs: 1421790793 Usernames.txt
2025-07-23 18:15:18,613 - INFO - Followers file already exists for rec3Nywy5Zxb0nZ0J: 1935274225 Usernames.txt
2025-07-23 18:15:18,649 - INFO - Followers file already exists for rec3OuWEheryY6PsW: 5375137273 Usernames.txt
2025-07-23 18:15:18,677 - INFO - Followers file already exists for rec3RZmRuuaAkdC53: 23160023227 Usernames.txt
2025-07-23 18:15:18,717 - INFO - Followers file already exists for rec3QWsCoNEu2GpVy: 4161884370 Usernames.txt
2025-07-23 18:15:18,747 - INFO - Followers file already exists for rec3SBd1bQYvGitGA: 30442866 Usernames.txt
2025-07-23 18:15:18,763 - INFO - Followers file already exists for rec3SHD1eAeNY7EaE: 3588966482 Usernames.txt
2025-07-23 18:15:18,818 - INFO - Followers file already exists for rec3T87ktdteoW20U: 245633999 Usernames.txt
2025-07-23 18:15:18,852 - INFO - Followers file already exists for rec3Sqe7QmXXAjqXg: 801992948 Usernames.txt
2025-07-23 18:15:18,887 - INFO - Followers file already exists for recFMO5ZOv5I51qf0: 1780837574 Usernames.txt
2025-07-23 18:15:18,921 - INFO - Followers file already exists for rec3TKsRrD5bfseYR: 8489144184 Usernames.txt
2025-07-23 18:15:18,950 - INFO - Followers file already exists for rec3Tok1WdBa7CLLO: 39171149059 Usernames.txt
2025-07-23 18:15:18,984 - INFO - Followers file already exists for rec3Tt3QwWxcCdz2g: 3400511112 Usernames.txt
2025-07-23 18:15:19,017 - INFO - Followers file already exists for rec3TNvyZJ2Rap5RX: 4393169920 Usernames.txt
2025-07-23 18:15:19,039 - INFO - Followers file already exists for rec3U6pXU3S9U42Uq: 3160335330 Usernames.txt
2025-07-23 18:15:19,067 - INFO - Followers file already exists for rec3UFigawZL0FLjl: 408435768 Usernames.txt
2025-07-23 18:15:19,100 - INFO - Followers file already exists for rec3UND8ZTQU3ACZe: 307307061 Usernames.txt
2025-07-23 18:15:19,129 - INFO - Followers file already exists for rec3UTJqGwIXUDiZ2: 1722654374 Usernames.txt
2025-07-23 18:15:19,163 - INFO - Followers file already exists for rec3UUVEPXxjBMZ2d: 37786386 Usernames.txt
2025-07-23 18:15:19,186 - INFO - Followers file already exists for rec3UTyvNvQEP1uNm: 3828299168 Usernames.txt
2025-07-23 18:15:19,215 - INFO - Followers file already exists for rec3UlAT08paW6wje: 43863555086 Usernames.txt
2025-07-23 18:15:19,251 - INFO - Followers file already exists for rec3VPb2lwxwvxNRB: 2081237030 Usernames.txt
2025-07-23 18:15:19,273 - INFO - Followers file already exists for rec3VuSFggc7WV2MC: 32785455361 Usernames.txt
2025-07-23 18:15:19,298 - INFO - Followers file already exists for rec3W8qzs3XtVgP5g: 18411495705 Usernames.txt
2025-07-23 18:15:19,331 - INFO - Followers file already exists for rec3WFwR3gjGKpPgi: 1932939202 Usernames.txt
2025-07-23 18:15:19,357 - INFO - Followers file already exists for rec3WwQjfTkk0DwVh: 8887485198 Usernames.txt
2025-07-23 18:15:19,387 - INFO - Followers file already exists for rec3WxpAfHw4z64u5: 6908897284 Usernames.txt
2025-07-23 18:15:19,419 - INFO - Followers file already exists for rec3XOyHqrWdgzt4n: 6775419390 Usernames.txt
2025-07-23 18:15:19,446 - INFO - Followers file already exists for rec3X94sbUluUHpE7: 2062442337 Usernames.txt
2025-07-23 18:15:19,475 - INFO - Followers file already exists for rec3XX7MDRaM4yXkw: 45696051862 Usernames.txt
2025-07-23 18:15:19,504 - INFO - Followers file already exists for rec3XzhVQv72uZo1o: 1952326457 Usernames.txt
2025-07-23 18:15:19,505 - INFO - Loaded 54 profiles from Airtable
2025-07-23 18:15:19,505 - INFO - Loaded 54 profiles
2025-07-23 18:15:19,505 - INFO - Loaded 607 usernames for profile kwya5tf from /Users/victorv/Desktop/Bot 2/assigned_followers/rec3Ekrm41DYapRTp_3459639975 Usernames.txt
2025-07-23 18:15:19,505 - INFO - Profile kwya5tf: Loaded 607 assigned followers
2025-07-23 18:15:19,506 - INFO - Loaded 677 usernames for profile kwya5se from /Users/victorv/Desktop/Bot 2/assigned_followers/rec3F8vpI8Capckwo_1977020321 Usernames.txt
2025-07-23 18:15:19,506 - INFO - Profile kwya5se: Loaded 677 assigned followers
2025-07-23 18:15:19,506 - INFO - Loaded 244 usernames for profile kwya5px from /Users/victorv/Desktop/Bot 2/assigned_followers/rec3FqhPsSrSPTUxK_1493551165 Usernames.txt
2025-07-23 18:15:19,506 - INFO - Profile kwya5px: Loaded 244 assigned followers
2025-07-23 18:15:19,506 - INFO - Loaded 484 usernames for profile kwya5ob from /Users/victorv/Desktop/Bot 2/assigned_followers/rec3FrQwonv35vga0_2002148607 Usernames.txt
2025-07-23 18:15:19,506 - INFO - Profile kwya5ob: Loaded 484 assigned followers
2025-07-23 18:15:19,507 - INFO - Loaded 200 usernames for profile kwya0lp from /Users/victorv/Desktop/Bot 2/assigned_followers/rec3G63MHkRWTC0ei_12721755781 Usernames.txt
2025-07-23 18:15:19,507 - INFO - Profile kwya0lp: Loaded 200 assigned followers
2025-07-23 18:15:19,507 - INFO - Loaded 359 usernames for profile kwya0hu from /Users/victorv/Desktop/Bot 2/assigned_followers/rec3G8AHjfH4HTzHb_12988435278 Usernames.txt
2025-07-23 18:15:19,507 - INFO - Profile kwya0hu: Loaded 359 assigned followers
2025-07-23 18:15:19,508 - INFO - Loaded 1620 usernames for profile kwya0eg from /Users/victorv/Desktop/Bot 2/assigned_followers/rec3G973a2JjKp4iu_440138414 Usernames.txt
2025-07-23 18:15:19,508 - INFO - Profile kwya0eg: Loaded 1620 assigned followers
2025-07-23 18:15:19,508 - INFO - Loaded 482 usernames for profile k10ludpo from /Users/victorv/Desktop/Bot 2/assigned_followers/rec3GudPt8GEJqtbV_1554735509 Usernames.txt
2025-07-23 18:15:19,508 - INFO - Profile k10ludpo: Loaded 482 assigned followers
2025-07-23 18:15:19,508 - INFO - Loaded 356 usernames for profile k11g7c59 from /Users/victorv/Desktop/Bot 2/assigned_followers/rec3GvleOViTsekFD_38553166374 Usernames.txt
2025-07-23 18:15:19,508 - INFO - Profile k11g7c59: Loaded 356 assigned followers
2025-07-23 18:15:19,508 - INFO - Loaded 574 usernames for profile k10lv3o3 from /Users/victorv/Desktop/Bot 2/assigned_followers/rec3GxifsJJR9PWhv_359664095 Usernames.txt
2025-07-23 18:15:19,508 - INFO - Profile k10lv3o3: Loaded 574 assigned followers
2025-07-23 18:15:19,509 - INFO - Loaded 1182 usernames for profile k10lvqhc from /Users/victorv/Desktop/Bot 2/assigned_followers/rec3HCt3jD5Q2nKSP_4260622829 Usernames.txt
2025-07-23 18:15:19,509 - INFO - Profile k10lvqhc: Loaded 1182 assigned followers
2025-07-23 18:15:19,509 - INFO - Loaded 617 usernames for profile k10lw6wg from /Users/victorv/Desktop/Bot 2/assigned_followers/rec3HLKbcwBN8ups2_39139773 Usernames.txt
2025-07-23 18:15:19,509 - INFO - Profile k10lw6wg: Loaded 617 assigned followers
2025-07-23 18:15:19,510 - INFO - Loaded 283 usernames for profile k10lwlct from /Users/victorv/Desktop/Bot 2/assigned_followers/rec3I5M0YqpUAuxq2_14256728767 Usernames.txt
2025-07-23 18:15:19,510 - INFO - Profile k10lwlct: Loaded 283 assigned followers
2025-07-23 18:15:19,510 - INFO - Loaded 570 usernames for profile k10lwv6h from /Users/victorv/Desktop/Bot 2/assigned_followers/rec3IAE2DoOqr1JkQ_5943728951 Usernames.txt
2025-07-23 18:15:19,510 - INFO - Profile k10lwv6h: Loaded 570 assigned followers
2025-07-23 18:15:19,511 - INFO - Loaded 1029 usernames for profile k10lyc2s from /Users/victorv/Desktop/Bot 2/assigned_followers/rec3IIIZLgX2Ga8Fd_440834147 Usernames.txt
2025-07-23 18:15:19,511 - INFO - Profile k10lyc2s: Loaded 1029 assigned followers
2025-07-23 18:15:19,511 - INFO - Loaded 230 usernames for profile k10lymib from /Users/victorv/Desktop/Bot 2/assigned_followers/rec3ImRDpkhJp24yr_3058855559 Usernames.txt
2025-07-23 18:15:19,511 - INFO - Profile k10lymib: Loaded 230 assigned followers
2025-07-23 18:15:19,511 - INFO - Loaded 424 usernames for profile k10m000h from /Users/victorv/Desktop/Bot 2/assigned_followers/rec3IokHcYSKOwclb_4875673544 Usernames.txt
2025-07-23 18:15:19,511 - INFO - Profile k10m000h: Loaded 424 assigned followers
2025-07-23 18:15:19,512 - INFO - Loaded 1119 usernames for profile k11g7fym from /Users/victorv/Desktop/Bot 2/assigned_followers/rec3IswL7tBYmR62W_13072949390 Usernames.txt
2025-07-23 18:15:19,512 - INFO - Profile k11g7fym: Loaded 1119 assigned followers
2025-07-23 18:15:19,512 - INFO - Loaded 589 usernames for profile k10m1bge from /Users/victorv/Desktop/Bot 2/assigned_followers/rec3ItuVrE08bhn8Z_8047559643 Usernames.txt
2025-07-23 18:15:19,512 - INFO - Profile k10m1bge: Loaded 589 assigned followers
2025-07-23 18:15:19,512 - INFO - Loaded 335 usernames for profile k10m1gr3 from /Users/victorv/Desktop/Bot 2/assigned_followers/rec3IuHnpTYy2cU9O_1146073112 Usernames.txt
2025-07-23 18:15:19,512 - INFO - Profile k10m1gr3: Loaded 335 assigned followers
2025-07-23 18:15:19,512 - INFO - Loaded 472 usernames for profile k10m1kb1 from /Users/victorv/Desktop/Bot 2/assigned_followers/rec3IwYbAUpWzhn6M_3153946348 Usernames.txt
2025-07-23 18:15:19,512 - INFO - Profile k10m1kb1: Loaded 472 assigned followers
2025-07-23 18:15:19,513 - INFO - Loaded 469 usernames for profile k10m2ewr from /Users/victorv/Desktop/Bot 2/assigned_followers/rec3LJVWX5iIr47ox_36635895881 Usernames.txt
2025-07-23 18:15:19,513 - INFO - Profile k10m2ewr: Loaded 469 assigned followers
2025-07-23 18:15:19,513 - INFO - Loaded 340 usernames for profile k10m2myf from /Users/victorv/Desktop/Bot 2/assigned_followers/rec3MC3VaRyl3htyb_35370936629 Usernames.txt
2025-07-23 18:15:19,513 - INFO - Profile k10m2myf: Loaded 340 assigned followers
2025-07-23 18:15:19,513 - INFO - Loaded 445 usernames for profile k10m37ls from /Users/victorv/Desktop/Bot 2/assigned_followers/rec3Mpl8p59bkXpWs_1421790793 Usernames.txt
2025-07-23 18:15:19,513 - INFO - Profile k10m37ls: Loaded 445 assigned followers
2025-07-23 18:15:19,514 - INFO - Loaded 1165 usernames for profile k10m3nj7 from /Users/victorv/Desktop/Bot 2/assigned_followers/rec3MvJNjELq0jd6p_2122565980 Usernames.txt
2025-07-23 18:15:19,514 - INFO - Profile k10m3nj7: Loaded 1165 assigned followers
2025-07-23 18:15:19,514 - INFO - Loaded 470 usernames for profile k10m3s3w from /Users/victorv/Desktop/Bot 2/assigned_followers/rec3Nywy5Zxb0nZ0J_1935274225 Usernames.txt
2025-07-23 18:15:19,514 - INFO - Profile k10m3s3w: Loaded 470 assigned followers
2025-07-23 18:15:19,515 - INFO - Loaded 720 usernames for profile kwy9vks from /Users/victorv/Desktop/Bot 2/assigned_followers/rec3OuWEheryY6PsW_5375137273 Usernames.txt
2025-07-23 18:15:19,515 - INFO - Profile kwy9vks: Loaded 720 assigned followers
2025-07-23 18:15:19,515 - INFO - Loaded 501 usernames for profile kwy9uv1 from /Users/victorv/Desktop/Bot 2/assigned_followers/rec3QWsCoNEu2GpVy_4161884370 Usernames.txt
2025-07-23 18:15:19,515 - INFO - Profile kwy9uv1: Loaded 501 assigned followers
2025-07-23 18:15:19,515 - INFO - Loaded 548 usernames for profile kwy9ukj from /Users/victorv/Desktop/Bot 2/assigned_followers/rec3RZmRuuaAkdC53_23160023227 Usernames.txt
2025-07-23 18:15:19,515 - INFO - Profile kwy9ukj: Loaded 548 assigned followers
2025-07-23 18:15:19,516 - INFO - Loaded 289 usernames for profile kwy9uih from /Users/victorv/Desktop/Bot 2/assigned_followers/rec3SBd1bQYvGitGA_30442866 Usernames.txt
2025-07-23 18:15:19,516 - INFO - Profile kwy9uih: Loaded 289 assigned followers
2025-07-23 18:15:19,516 - INFO - Loaded 490 usernames for profile kwy9uer from /Users/victorv/Desktop/Bot 2/assigned_followers/rec3SHD1eAeNY7EaE_3588966482 Usernames.txt
2025-07-23 18:15:19,516 - INFO - Profile kwy9uer: Loaded 490 assigned followers
2025-07-23 18:15:19,516 - INFO - Loaded 504 usernames for profile kwy9ubi from /Users/victorv/Desktop/Bot 2/assigned_followers/rec3Sqe7QmXXAjqXg_801992948 Usernames.txt
2025-07-23 18:15:19,516 - INFO - Profile kwy9ubi: Loaded 504 assigned followers
2025-07-23 18:15:19,517 - INFO - Loaded 813 usernames for profile kwy9uaj from /Users/victorv/Desktop/Bot 2/assigned_followers/rec3T87ktdteoW20U_245633999 Usernames.txt
2025-07-23 18:15:19,517 - INFO - Profile kwy9uaj: Loaded 813 assigned followers
2025-07-23 18:15:19,517 - INFO - Loaded 304 usernames for profile kwy9u2g from /Users/victorv/Desktop/Bot 2/assigned_followers/rec3TKsRrD5bfseYR_8489144184 Usernames.txt
2025-07-23 18:15:19,517 - INFO - Profile kwy9u2g: Loaded 304 assigned followers
2025-07-23 18:15:19,518 - INFO - Loaded 3196 usernames for profile kwy9txv from /Users/victorv/Desktop/Bot 2/assigned_followers/rec3TNvyZJ2Rap5RX_4393169920 Usernames.txt
2025-07-23 18:15:19,518 - INFO - Profile kwy9txv: Loaded 3196 assigned followers
2025-07-23 18:15:19,519 - INFO - Loaded 862 usernames for profile kwy9twh from /Users/victorv/Desktop/Bot 2/assigned_followers/rec3Tok1WdBa7CLLO_39171149059 Usernames.txt
2025-07-23 18:15:19,519 - INFO - Profile kwy9twh: Loaded 862 assigned followers
2025-07-23 18:15:19,519 - INFO - Loaded 395 usernames for profile kwy9tvc from /Users/victorv/Desktop/Bot 2/assigned_followers/rec3Tt3QwWxcCdz2g_3400511112 Usernames.txt
2025-07-23 18:15:19,519 - INFO - Profile kwy9tvc: Loaded 395 assigned followers
2025-07-23 18:15:19,519 - INFO - Loaded 424 usernames for profile kwy9rw0 from /Users/victorv/Desktop/Bot 2/assigned_followers/rec3U6pXU3S9U42Uq_3160335330 Usernames.txt
2025-07-23 18:15:19,519 - INFO - Profile kwy9rw0: Loaded 424 assigned followers
2025-07-23 18:15:19,520 - INFO - Loaded 702 usernames for profile kwy9rsk from /Users/victorv/Desktop/Bot 2/assigned_followers/rec3UFigawZL0FLjl_408435768 Usernames.txt
2025-07-23 18:15:19,520 - INFO - Profile kwy9rsk: Loaded 702 assigned followers
2025-07-23 18:15:19,520 - INFO - Loaded 1089 usernames for profile kwy9rrg from /Users/victorv/Desktop/Bot 2/assigned_followers/rec3UND8ZTQU3ACZe_307307061 Usernames.txt
2025-07-23 18:15:19,520 - INFO - Profile kwy9rrg: Loaded 1089 assigned followers
2025-07-23 18:15:19,521 - INFO - Loaded 993 usernames for profile kwy9rk9 from /Users/victorv/Desktop/Bot 2/assigned_followers/rec3UTJqGwIXUDiZ2_1722654374 Usernames.txt
2025-07-23 18:15:19,521 - INFO - Profile kwy9rk9: Loaded 993 assigned followers
2025-07-23 18:15:19,521 - INFO - Loaded 782 usernames for profile kwy9rd8 from /Users/victorv/Desktop/Bot 2/assigned_followers/rec3UTyvNvQEP1uNm_3828299168 Usernames.txt
2025-07-23 18:15:19,521 - INFO - Profile kwy9rd8: Loaded 782 assigned followers
2025-07-23 18:15:19,522 - INFO - Loaded 1850 usernames for profile kwy9r8y from /Users/victorv/Desktop/Bot 2/assigned_followers/rec3UUVEPXxjBMZ2d_37786386 Usernames.txt
2025-07-23 18:15:19,522 - INFO - Profile kwy9r8y: Loaded 1850 assigned followers
2025-07-23 18:15:19,523 - INFO - Loaded 946 usernames for profile kwy9r53 from /Users/victorv/Desktop/Bot 2/assigned_followers/rec3UlAT08paW6wje_43863555086 Usernames.txt
2025-07-23 18:15:19,523 - INFO - Profile kwy9r53: Loaded 946 assigned followers
2025-07-23 18:15:19,523 - INFO - Loaded 236 usernames for profile kwy9r3x from /Users/victorv/Desktop/Bot 2/assigned_followers/rec3VPb2lwxwvxNRB_2081237030 Usernames.txt
2025-07-23 18:15:19,523 - INFO - Profile kwy9r3x: Loaded 236 assigned followers
2025-07-23 18:15:19,523 - INFO - Loaded 437 usernames for profile kwy9q4n from /Users/victorv/Desktop/Bot 2/assigned_followers/rec3VuSFggc7WV2MC_32785455361 Usernames.txt
2025-07-23 18:15:19,523 - INFO - Profile kwy9q4n: Loaded 437 assigned followers
2025-07-23 18:15:19,524 - INFO - Loaded 1149 usernames for profile kwy9q3p from /Users/victorv/Desktop/Bot 2/assigned_followers/rec3W8qzs3XtVgP5g_18411495705 Usernames.txt
2025-07-23 18:15:19,524 - INFO - Profile kwy9q3p: Loaded 1149 assigned followers
2025-07-23 18:15:19,525 - INFO - Loaded 2050 usernames for profile kwy9q27 from /Users/victorv/Desktop/Bot 2/assigned_followers/rec3WFwR3gjGKpPgi_1932939202 Usernames.txt
2025-07-23 18:15:19,525 - INFO - Profile kwy9q27: Loaded 2050 assigned followers
2025-07-23 18:15:19,525 - INFO - Loaded 586 usernames for profile kwy9q1l from /Users/victorv/Desktop/Bot 2/assigned_followers/rec3WwQjfTkk0DwVh_8887485198 Usernames.txt
2025-07-23 18:15:19,526 - INFO - Profile kwy9q1l: Loaded 586 assigned followers
2025-07-23 18:15:19,526 - INFO - Loaded 281 usernames for profile kwy9q0a from /Users/victorv/Desktop/Bot 2/assigned_followers/rec3WxpAfHw4z64u5_6908897284 Usernames.txt
2025-07-23 18:15:19,526 - INFO - Profile kwy9q0a: Loaded 281 assigned followers
2025-07-23 18:15:19,526 - INFO - Loaded 356 usernames for profile kwy9pyb from /Users/victorv/Desktop/Bot 2/assigned_followers/rec3X94sbUluUHpE7_2062442337 Usernames.txt
2025-07-23 18:15:19,526 - INFO - Profile kwy9pyb: Loaded 356 assigned followers
2025-07-23 18:15:19,526 - INFO - Loaded 404 usernames for profile kwy9px6 from /Users/victorv/Desktop/Bot 2/assigned_followers/rec3XOyHqrWdgzt4n_6775419390 Usernames.txt
2025-07-23 18:15:19,526 - INFO - Profile kwy9px6: Loaded 404 assigned followers
2025-07-23 18:15:19,527 - INFO - Loaded 1002 usernames for profile kwy9pw6 from /Users/victorv/Desktop/Bot 2/assigned_followers/rec3XX7MDRaM4yXkw_45696051862 Usernames.txt
2025-07-23 18:15:19,527 - INFO - Profile kwy9pw6: Loaded 1002 assigned followers
2025-07-23 18:15:19,527 - INFO - Loaded 838 usernames for profile kwy9pvl from /Users/victorv/Desktop/Bot 2/assigned_followers/rec3XzhVQv72uZo1o_1952326457 Usernames.txt
2025-07-23 18:15:19,527 - INFO - Profile kwy9pvl: Loaded 838 assigned followers
2025-07-23 18:15:19,554 - INFO - Loaded 54637 usernames into memory queue
2025-07-23 18:15:19,554 - INFO - Loaded 54637 usernames
2025-07-23 18:15:19,554 - INFO - Dashboard at http://localhost:8080
2025-07-23 18:15:19,554 - INFO - ✨ ULTIMATE FIX APPLIED:
2025-07-23 18:15:19,554 - INFO -   - Separate dashboard cache from profile operations
2025-07-23 18:15:19,554 - INFO -   - Multiple thread pools for different tasks
2025-07-23 18:15:19,554 - INFO -   - Async file I/O - no blocking
2025-07-23 18:15:19,554 - INFO -   - Ultra-fast request handling
2025-07-23 18:15:19,554 - INFO -   - Smart batching for Start All
2025-07-23 18:15:19,554 - INFO -   - Profiles start in order from lowest to highest ID
2025-07-23 18:15:19,554 - INFO - 🚀 Dashboard will NEVER freeze again!
2025-07-23 18:15:19,558 - INFO - Server started successfully on port 8080
